<?xml version="1.0" encoding="UTF-8"?>
<!-- Generated by org.testng.reporters.JUnitXMLReporter -->
<testsuite ignored="0" hostname="apoorv" failures="0" tests="4" name="Dependencies test" time="0.037" errors="0" timestamp="2022-06-12T18:29:34 IST">
  <testcase classname="testCases.Dependencies" name="doUserReg" time="0.003"/>
  <testcase classname="testCases.Dependencies" name="ThirdTest" time="0.002"/>
  <testcase classname="testCases.Dependencies" name="doLogin" time="0.002"/>
  <testcase classname="testCases.Dependencies" name="FourthTest" time="0.002"/>
</testsuite> <!-- Dependencies test -->
