<?xml version="1.0" encoding="UTF-8"?>
<!-- Generated by org.testng.reporters.JUnitXMLReporter -->
<testsuite ignored="0" hostname="LAPTOP-15GVK631" failures="1" tests="4" name="Dependencies test" time="0.03" errors="0" timestamp="2022-06-08T15:32:26 IST">
  <testcase classname="testCases.Dependencies" name="doUserReg" time="0.003">
    <failure type="java.lang.AssertionError" message="User not registered let&amp;apos;s get this message">
      <![CDATA[java.lang.AssertionError: User not registered let's get this message
at testCases.Dependencies.doUserReg(Dependencies.java:13)
at java.base/java.util.ArrayList.forEach(ArrayList.java:1511)
... Removed 29 stack frames]]>
    </failure>
  </testcase> <!-- doUserReg -->
  <testcase classname="testCases.Dependencies" name="ThirdTest" time="0.002"/>
  <testcase classname="testCases.Dependencies" name="doLogin" time="0.001">
    <skipped/>
  </testcase> <!-- doLogin -->
  <testcase classname="testCases.Dependencies" name="FourthTest" time="0.002"/>
</testsuite> <!-- Dependencies test -->
